Build started 20/05/2013 00:07:59.
     1>Project "C:\Users\gil\Desktop\Projects\RPG-System\RPG\RPG.vcxproj" on node 2 (build target(s)).
     1>InitializeBuildStatus:
         Creating "Debug\RPG.unsuccessfulbuild" because "AlwaysCreate" was specified.
       ClCompile:
         C:\Program Files\Microsoft Visual Studio 10.0\VC\bin\CL.exe /c /ZI /nologo /W3 /WX- /Od /Oy- /D WIN32 /D _DEBUG /D _WINDOWS /D _UNICODE /D UNICODE /Gm /EHsc /RTC1 /MDd /GS /fp:precise /Zc:wchar_t /Zc:forScope /Fo"Debug\\" /Fd"Debug\vc100.pdb" /Gd /TP /analyze- /errorReport:prompt Controller.cpp
         Controller.cpp
       ManifestResourceCompile:
         All outputs are up-to-date.
       Link:
         C:\Program Files\Microsoft Visual Studio 10.0\VC\bin\link.exe /ERRORREPORT:PROMPT /OUT:"C:\Users\gil\Desktop\Projects\RPG-System\Debug\RPG.exe" /INCREMENTAL /NOLOGO "sfml-graphics-d.lib" "sfml-window-d.lib" "sfml-system-d.lib" "sfml-main-d.lib" "sfml-audio-d.lib" kernel32.lib user32.lib gdi32.lib winspool.lib comdlg32.lib advapi32.lib shell32.lib ole32.lib oleaut32.lib uuid.lib odbc32.lib odbccp32.lib /MANIFEST /ManifestFile:"Debug\RPG.exe.intermediate.manifest" /MANIFESTUAC:"level='asInvoker' uiAccess='false'" /DEBUG /PDB:"C:\Users\gil\Desktop\Projects\RPG-System\Debug\RPG.pdb" /SUBSYSTEM:WINDOWS /TLBID:1 /DYNAMICBASE /NXCOMPAT /IMPLIB:"C:\Users\gil\Desktop\Projects\RPG-System\Debug\RPG.lib" /MACHINE:X86 Debug\RPG.exe.embed.manifest.res
         Debug\Control.obj
         Debug\Controller.obj
         Debug\GameMenu.obj
         Debug\GameObject.obj
         Debug\Graphics.obj
         Debug\LocalMap.obj
         Debug\main.obj
         Debug\MainMenu.obj
         Debug\Map.obj
         Debug\Tile.obj
         Debug\UserMovement.obj
         Debug\Utility.obj
       Manifest:
         C:\Program Files\Microsoft SDKs\Windows\v7.0A\bin\mt.exe /nologo /verbose /out:"Debug\RPG.exe.embed.manifest" /manifest Debug\RPG.exe.intermediate.manifest
         All outputs are up-to-date.
       LinkEmbedManifest:
         All outputs are up-to-date.
         RPG.vcxproj -> C:\Users\gil\Desktop\Projects\RPG-System\Debug\RPG.exe
       FinalizeBuildStatus:
         Deleting file "Debug\RPG.unsuccessfulbuild".
         Touching "Debug\RPG.lastbuildstate".
     1>Done Building Project "C:\Users\gil\Desktop\Projects\RPG-System\RPG\RPG.vcxproj" (build target(s)).

Build succeeded.

Time Elapsed 00:00:02.25
